This is pdfTeX, Version 3.141592653-2.6-1.40.24 (TeX Live 2022) (preloaded format=pdflatex 2022.6.7)  1 FEB 2023 10:37
entering extended mode
 restricted \write18 enabled.
 %&-line parsing enabled.
**nnguyen_resume_datasci.tex
(./nnguyen_resume_datasci.tex
LaTeX2e <2021-11-15> patch level 1
L3 programming layer <2022-02-24> (/usr/local/texlive/2022/texmf-dist/tex/latex
/base/article.cls
Document Class: article 2021/10/04 v1.4n Standard LaTeX document class
(/usr/local/texlive/2022/texmf-dist/tex/latex/base/size10.clo
File: size10.clo 2021/10/04 v1.4n Standard LaTeX file (size option)
)
\c@part=\count185
\c@section=\count186
\c@subsection=\count187
\c@subsubsection=\count188
\c@paragraph=\count189
\c@subparagraph=\count190
\c@figure=\count191
\c@table=\count192
\abovecaptionskip=\skip47
\belowcaptionskip=\skip48
\bibindent=\dimen138
) (/usr/local/texlive/2022/texmf-dist/tex/latex/dejavu/DejaVuSansMono.sty
Package: DejaVuSansMono 2011/06/01 Style file for DejaVuSansMono.
(/usr/local/texlive/2022/texmf-dist/tex/latex/graphics/keyval.sty
Package: keyval 2014/10/28 v1.15 key=value parser (DPC)
\KV@toks@=\toks16
)) (/usr/local/texlive/2022/texmf-dist/tex/latex/carlito/carlito.sty
Package: carlito 2014/08/20 (Bob Tennent) Supports Carlito fonts for LaTeX, pdf
LaTeX, luaLaTeX and xeLaTeX.
(/usr/local/texlive/2022/texmf-dist/tex/generic/iftex/ifxetex.sty
Package: ifxetex 2019/10/25 v0.7 ifxetex legacy package. Use iftex instead.
(/usr/local/texlive/2022/texmf-dist/tex/generic/iftex/iftex.sty
Package: iftex 2022/02/03 v1.0f TeX engine tests
)) (/usr/local/texlive/2022/texmf-dist/tex/generic/iftex/ifluatex.sty
Package: ifluatex 2019/10/25 v1.5 ifluatex legacy package. Use iftex instead.
) (/usr/local/texlive/2022/texmf-dist/tex/latex/xkeyval/xkeyval.sty
Package: xkeyval 2020/11/20 v2.8 package option processing (HA)
(/usr/local/texlive/2022/texmf-dist/tex/generic/xkeyval/xkeyval.tex (/usr/local
/texlive/2022/texmf-dist/tex/generic/xkeyval/xkvutils.tex
\XKV@toks=\toks17
\XKV@tempa@toks=\toks18
)
\XKV@depth=\count193
File: xkeyval.tex 2014/12/03 v2.7a key=value parser (HA)
)) (/usr/local/texlive/2022/texmf-dist/tex/latex/base/textcomp.sty
Package: textcomp 2020/02/02 v2.0n Standard LaTeX package
) (/usr/local/texlive/2022/texmf-dist/tex/latex/base/fontenc.sty
Package: fontenc 2021/04/29 v2.0v Standard LaTeX package
) (/usr/local/texlive/2022/texmf-dist/tex/latex/fontaxes/fontaxes.sty
Package: fontaxes 2020/07/21 v1.0e Font selection axes
LaTeX Info: Redefining \upshape on input line 29.
LaTeX Info: Redefining \itshape on input line 31.
LaTeX Info: Redefining \slshape on input line 33.
LaTeX Info: Redefining \swshape on input line 35.
LaTeX Info: Redefining \scshape on input line 37.
LaTeX Info: Redefining \sscshape on input line 39.
LaTeX Info: Redefining \ulcshape on input line 41.
LaTeX Info: Redefining \textsw on input line 47.
LaTeX Info: Redefining \textssc on input line 48.
LaTeX Info: Redefining \textulc on input line 49.
)) (/usr/local/texlive/2022/texmf-dist/tex/latex/fancyhdr/fancyhdr.sty
Package: fancyhdr 2021/01/28 v4.0.1 Extensive control of page headers and foote
rs
\f@nch@headwidth=\skip49
\f@nch@O@elh=\skip50
\f@nch@O@erh=\skip51
\f@nch@O@olh=\skip52
\f@nch@O@orh=\skip53
\f@nch@O@elf=\skip54
\f@nch@O@erf=\skip55
\f@nch@O@olf=\skip56
\f@nch@O@orf=\skip57
) (/usr/local/texlive/2022/texmf-dist/tex/latex/colortbl/colortbl.sty
Package: colortbl 2020/01/04 v1.0e Color table columns (DPC)
(/usr/local/texlive/2022/texmf-dist/tex/latex/tools/array.sty
Package: array 2021/10/04 v2.5f Tabular extension package (FMi)
\col@sep=\dimen139
\ar@mcellbox=\box50
\extrarowheight=\dimen140
\NC@list=\toks19
\extratabsurround=\skip58
\backup@length=\skip59
\ar@cellbox=\box51
) (/usr/local/texlive/2022/texmf-dist/tex/latex/graphics/color.sty
Package: color 2021/12/07 v1.3c Standard LaTeX Color (DPC)
(/usr/local/texlive/2022/texmf-dist/tex/latex/graphics-cfg/color.cfg
File: color.cfg 2016/01/02 v1.6 sample color configuration
)
Package color Info: Driver file: pdftex.def on input line 149.
(/usr/local/texlive/2022/texmf-dist/tex/latex/graphics-def/pdftex.def
File: pdftex.def 2020/10/05 v1.2a Graphics/color driver for pdftex
))
\everycr=\toks20
\minrowclearance=\skip60
) (/usr/local/texlive/2022/texmf-dist/tex/latex/tabularray/tabularray.sty (/usr
/local/texlive/2022/texmf-dist/tex/latex/l3kernel/expl3.sty
Package: expl3 2022-02-24 L3 programming layer (loader) 
(/usr/local/texlive/2022/texmf-dist/tex/latex/l3backend/l3backend-pdftex.def
File: l3backend-pdftex.def 2022-02-07 L3 backend support: PDF output (pdfTeX)
\l__color_backend_stack_int=\count194
\l__pdf_internal_box=\box52
))
Package: tabularray 2022-03-01 v2022A Typeset tabulars and arrays with LaTeX3
\l__tblr_a_int=\count195
\l__tblr_c_int=\count196
\l__tblr_r_int=\count197
\l__tblr_d_dim=\dimen141
\l__tblr_h_dim=\dimen142
\l__tblr_o_dim=\dimen143
\l__tblr_p_dim=\dimen144
\l__tblr_q_dim=\dimen145
\l__tblr_r_dim=\dimen146
\l__tblr_s_dim=\dimen147
\l__tblr_t_dim=\dimen148
\l__tblr_v_dim=\dimen149
\l__tblr_w_dim=\dimen150
\l__tblr_a_box=\box53
\l__tblr_b_box=\box54
\l__tblr_c_box=\box55
\l__tblr_d_box=\box56
\g__tblr_table_count_int=\count198
\c@rownum=\count199
\c@colnum=\count266
\c@rowcount=\count267
\c@colcount=\count268
\abovesep=\dimen151
\belowsep=\dimen152
\leftsep=\dimen153
\rightsep=\dimen154
\g_tblr_level_int=\count269
\g__tblr_data_row_key_count_int=\count270
\g__tblr_data_column_key_count_int=\count271
\g__tblr_data_cell_key_count_int=\count272
\g__tblr_array_int=\count273
\l__tblr_key_count_int=\count274
\l__tblr_key_quotient_int=\count275
\l__tblr_key_quotient_two_int=\count276
\l__tblr_key_remainder_int=\count277
\g__tblr_data_str_value_count_int=\count278
\rulewidth=\dimen155
\l__tblr_strut_ht_box=\box57
\l__tblr_strut_dp_box=\box58
\g__tblr_cell_wd_dim=\dimen156
\g__tblr_cell_ht_dim=\dimen157
\g__tblr_cell_head_dim=\dimen158
\g__tblr_cell_foot_dim=\dimen159
\l__column_target_dim=\dimen160
\l__tblr_caption_box=\box59
\l__tblr_caption_left_box=\box60
\l__tblr_row_head_box=\box61
\l__tblr_row_foot_box=\box62
\l__tblr_row_head_foot_dim=\dimen161
\tablewidth=\dimen162
\l__tblr_table_firsthead_box=\box63
\l__tblr_table_middlehead_box=\box64
\l__tblr_table_lasthead_box=\box65
\l__tblr_table_firstfoot_box=\box66
\l__tblr_table_middlefoot_box=\box67
\l__tblr_table_lastfoot_box=\box68
\l__tblr_remain_height_dim=\dimen163
\l__tblr_long_from_int=\count279
\l__tblr_long_to_int=\count280
\l__tblr_curr_i_int=\count281
\l__tblr_prev_i_int=\count282
\l__tblr_table_page_int=\count283
\l__tblr_table_head_box=\box69
\l__tblr_table_foot_box=\box70
\l__tblr_table_head_foot_dim=\dimen164
\l__tblr_table_head_body_foot_dim=\dimen165
\l__tblr_table_box=\box71
\l__tblr_table_hlines_box=\box72
\l__tblr_hline_box=\box73
\l__tblr_row_box=\box74
\l__tblr_col_o_wd_dim=\dimen166
\l__tblr_col_b_wd_dim=\dimen167
\l__tblr_hline_leftskip_dim=\dimen168
\l__tblr_hline_rightskip_dim=\dimen169
\l__tblr_row_ht_dim=\dimen170
\l__tblr_row_dp_dim=\dimen171
\l__tblr_row_abovesep_dim=\dimen172
\l__tblr_row_belowsep_dim=\dimen173
\l__tblr_row_vlines_box=\box75
\l__tblr_vline_box=\box76
\l__tblr_cell_box=\box77
\l__row_upper_dim=\dimen174
\l__row_lower_dim=\dimen175
\l__row_vpace_dim=\dimen176
\l__tblr_vline_aboveskip_dim=\dimen177
\l__tblr_vline_belowskip_dim=\dimen178
\l__tblr_cell_wd_dim=\dimen179
\l__tblr_cell_ht_dim=\dimen180
\l__tblr_diag_box=\box78
) (/usr/local/texlive/2022/texmf-dist/tex/latex/xcolor/xcolor.sty
Package: xcolor 2021/10/31 v2.13 LaTeX color extensions (UK)
(/usr/local/texlive/2022/texmf-dist/tex/latex/graphics-cfg/color.cfg
File: color.cfg 2016/01/02 v1.6 sample color configuration
)
Package xcolor Info: Driver file: pdftex.def on input line 227.
LaTeX Info: Redefining \color on input line 711.
Package xcolor Info: Model `cmy' substituted by `cmy0' on input line 1352.
Package xcolor Info: Model `hsb' substituted by `rgb' on input line 1356.
Package xcolor Info: Model `RGB' extended on input line 1368.
Package xcolor Info: Model `HTML' substituted by `rgb' on input line 1370.
Package xcolor Info: Model `Hsb' substituted by `hsb' on input line 1371.
Package xcolor Info: Model `tHsb' substituted by `hsb' on input line 1372.
Package xcolor Info: Model `HSB' substituted by `hsb' on input line 1373.
Package xcolor Info: Model `Gray' substituted by `gray' on input line 1374.
Package xcolor Info: Model `wave' substituted by `hsb' on input line 1375.
) (/usr/local/texlive/2022/texmf-dist/tex/latex/base/fixltx2e.sty
Package: fixltx2e 2016/12/29 v2.1a fixes to LaTeX (obsolete)
Applying: [2015/01/01] Old fixltx2e package on input line 46.

Package fixltx2e Warning: fixltx2e is not required with releases after 2015
(fixltx2e)                All fixes are now in the LaTeX kernel.
(fixltx2e)                See the latexrelease package for details.

Already applied: [0000/00/00] Old fixltx2e package on input line 53.
) (/usr/local/texlive/2022/texmf-dist/tex/latex/base/fontenc.sty
Package: fontenc 2021/04/29 v2.0v Standard LaTeX package
LaTeX Font Info:    Trying to load font information for T1+Carlito-TLF on input
 line 112.
(/usr/local/texlive/2022/texmf-dist/tex/latex/carlito/T1Carlito-TLF.fd
File: T1Carlito-TLF.fd 2014/08/20 (autoinst) Font definitions for T1/Carlito-TL
F.
)
LaTeX Font Info:    Font shape `T1/Carlito-TLF/m/n' will be
(Font)              scaled to size 10.0pt on input line 112.
) (/usr/local/texlive/2022/texmf-dist/tex/latex/base/inputenc.sty
Package: inputenc 2021/02/14 v1.3d Input encoding file
\inpenc@prehook=\toks21
\inpenc@posthook=\toks22
) (/usr/local/texlive/2022/texmf-dist/tex/latex/base/fontenc.sty
Package: fontenc 2021/04/29 v2.0v Standard LaTeX package
) (/usr/local/texlive/2022/texmf-dist/tex/latex/upquote/upquote.sty
Package: upquote 2012/04/19 v1.3 upright-quote and grave-accent glyphs in verba
tim
) (/usr/local/texlive/2022/texmf-dist/tex/latex/microtype/microtype.sty
Package: microtype 2022/03/14 v3.0d Micro-typographical refinements (RS)
(/usr/local/texlive/2022/texmf-dist/tex/latex/etoolbox/etoolbox.sty
Package: etoolbox 2020/10/05 v2.5k e-TeX tools for LaTeX (JAW)
\etb@tempcnta=\count284
)
\MT@toks=\toks23
\MT@tempbox=\box79
\MT@count=\count285
LaTeX Info: Redefining \noprotrusionifhmode on input line 1027.
LaTeX Info: Redefining \leftprotrusion on input line 1028.
LaTeX Info: Redefining \rightprotrusion on input line 1036.
LaTeX Info: Redefining \textls on input line 1195.
\MT@outer@kern=\dimen181
LaTeX Info: Redefining \textmicrotypecontext on input line 1781.
\MT@listname@count=\count286
(/usr/local/texlive/2022/texmf-dist/tex/latex/microtype/microtype-pdftex.def
File: microtype-pdftex.def 2022/03/14 v3.0d Definitions specific to pdftex (RS)

LaTeX Info: Redefining \lsstyle on input line 900.
LaTeX Info: Redefining \lslig on input line 900.
\MT@outer@space=\skip61
)
Package microtype Info: Loading configuration file microtype.cfg.
(/usr/local/texlive/2022/texmf-dist/tex/latex/microtype/microtype.cfg
File: microtype.cfg 2022/03/14 v3.0d microtype main configuration file (RS)
)) (/usr/local/texlive/2022/texmf-dist/tex/latex/hyperref/hyperref.sty
Package: hyperref 2022-02-21 v7.00n Hypertext links for LaTeX
(/usr/local/texlive/2022/texmf-dist/tex/generic/ltxcmds/ltxcmds.sty
Package: ltxcmds 2020-05-10 v1.25 LaTeX kernel commands for general use (HO)
) (/usr/local/texlive/2022/texmf-dist/tex/generic/pdftexcmds/pdftexcmds.sty
Package: pdftexcmds 2020-06-27 v0.33 Utility functions of pdfTeX for LuaTeX (HO
)
(/usr/local/texlive/2022/texmf-dist/tex/generic/infwarerr/infwarerr.sty
Package: infwarerr 2019/12/03 v1.5 Providing info/warning/error messages (HO)
)
Package pdftexcmds Info: \pdf@primitive is available.
Package pdftexcmds Info: \pdf@ifprimitive is available.
Package pdftexcmds Info: \pdfdraftmode found.
) (/usr/local/texlive/2022/texmf-dist/tex/generic/kvsetkeys/kvsetkeys.sty
Package: kvsetkeys 2019/12/15 v1.18 Key value parser (HO)
) (/usr/local/texlive/2022/texmf-dist/tex/generic/kvdefinekeys/kvdefinekeys.sty
Package: kvdefinekeys 2019-12-19 v1.6 Define keys (HO)
) (/usr/local/texlive/2022/texmf-dist/tex/generic/pdfescape/pdfescape.sty
Package: pdfescape 2019/12/09 v1.15 Implements pdfTeX's escape features (HO)
) (/usr/local/texlive/2022/texmf-dist/tex/latex/hycolor/hycolor.sty
Package: hycolor 2020-01-27 v1.10 Color options for hyperref/bookmark (HO)
) (/usr/local/texlive/2022/texmf-dist/tex/latex/letltxmacro/letltxmacro.sty
Package: letltxmacro 2019/12/03 v1.6 Let assignment for LaTeX macros (HO)
) (/usr/local/texlive/2022/texmf-dist/tex/latex/auxhook/auxhook.sty
Package: auxhook 2019-12-17 v1.6 Hooks for auxiliary files (HO)
) (/usr/local/texlive/2022/texmf-dist/tex/latex/kvoptions/kvoptions.sty
Package: kvoptions 2020-10-07 v3.14 Key value format for package options (HO)
)
\@linkdim=\dimen182
\Hy@linkcounter=\count287
\Hy@pagecounter=\count288
(/usr/local/texlive/2022/texmf-dist/tex/latex/hyperref/pd1enc.def
File: pd1enc.def 2022-02-21 v7.00n Hyperref: PDFDocEncoding definition (HO)
Now handling font encoding PD1 ...
... no UTF-8 mapping file for font encoding PD1
) (/usr/local/texlive/2022/texmf-dist/tex/generic/intcalc/intcalc.sty
Package: intcalc 2019/12/15 v1.3 Expandable calculations with integers (HO)
) (/usr/local/texlive/2022/texmf-dist/tex/generic/etexcmds/etexcmds.sty
Package: etexcmds 2019/12/15 v1.7 Avoid name clashes with e-TeX commands (HO)
)
\Hy@SavedSpaceFactor=\count289
(/usr/local/texlive/2022/texmf-dist/tex/latex/hyperref/puenc.def
File: puenc.def 2022-02-21 v7.00n Hyperref: PDF Unicode definition (HO)
Now handling font encoding PU ...
... no UTF-8 mapping file for font encoding PU
)
Package hyperref Info: Option `unicode' set `true' on input line 4018.
Package hyperref Info: Hyper figures OFF on input line 4137.
Package hyperref Info: Link nesting OFF on input line 4142.
Package hyperref Info: Hyper index ON on input line 4145.
Package hyperref Info: Plain pages OFF on input line 4152.
Package hyperref Info: Backreferencing OFF on input line 4157.
Package hyperref Info: Implicit mode ON; LaTeX internals redefined.
Package hyperref Info: Bookmarks ON on input line 4390.
\c@Hy@tempcnt=\count290
(/usr/local/texlive/2022/texmf-dist/tex/latex/url/url.sty
\Urlmuskip=\muskip16
Package: url 2013/09/16  ver 3.4  Verb mode for urls, etc.
)
LaTeX Info: Redefining \url on input line 4749.
\XeTeXLinkMargin=\dimen183
(/usr/local/texlive/2022/texmf-dist/tex/generic/bitset/bitset.sty
Package: bitset 2019/12/09 v1.3 Handle bit-vector datatype (HO)
(/usr/local/texlive/2022/texmf-dist/tex/generic/bigintcalc/bigintcalc.sty
Package: bigintcalc 2019/12/15 v1.5 Expandable calculations on big integers (HO
)
))
\Fld@menulength=\count291
\Field@Width=\dimen184
\Fld@charsize=\dimen185
Package hyperref Info: Hyper figures OFF on input line 6027.
Package hyperref Info: Link nesting OFF on input line 6032.
Package hyperref Info: Hyper index ON on input line 6035.
Package hyperref Info: backreferencing OFF on input line 6042.
Package hyperref Info: Link coloring OFF on input line 6047.
Package hyperref Info: Link coloring with OCG OFF on input line 6052.
Package hyperref Info: PDF/A mode OFF on input line 6057.
LaTeX Info: Redefining \ref on input line 6097.
LaTeX Info: Redefining \pageref on input line 6101.
(/usr/local/texlive/2022/texmf-dist/tex/latex/base/atbegshi-ltx.sty
Package: atbegshi-ltx 2021/01/10 v1.0c Emulation of the original atbegshi
package with kernel methods
)
\Hy@abspage=\count292
\c@Item=\count293
\c@Hfootnote=\count294
)
Package hyperref Info: Driver (autodetected): hpdftex.
(/usr/local/texlive/2022/texmf-dist/tex/latex/hyperref/hpdftex.def
File: hpdftex.def 2022-02-21 v7.00n Hyperref driver for pdfTeX
(/usr/local/texlive/2022/texmf-dist/tex/latex/base/atveryend-ltx.sty
Package: atveryend-ltx 2020/08/19 v1.0a Emulation of the original atveryend pac
kage
with kernel methods
)
\Fld@listcount=\count295
\c@bookmark@seq@number=\count296

(/usr/local/texlive/2022/texmf-dist/tex/latex/rerunfilecheck/rerunfilecheck.sty
Package: rerunfilecheck 2019/12/05 v1.9 Rerun checks for auxiliary files (HO)

(/usr/local/texlive/2022/texmf-dist/tex/generic/uniquecounter/uniquecounter.sty
Package: uniquecounter 2019/12/15 v1.4 Provide unlimited unique counter (HO)
)
Package uniquecounter Info: New unique counter `rerunfilecheck' on input line 2
86.
)
\Hy@SectionHShift=\skip62
) (/usr/local/texlive/2022/texmf-dist/tex/latex/geometry/geometry.sty
Package: geometry 2020/01/02 v5.9 Page Geometry
(/usr/local/texlive/2022/texmf-dist/tex/generic/iftex/ifvtex.sty
Package: ifvtex 2019/10/25 v1.7 ifvtex legacy package. Use iftex instead.
)
\Gm@cnth=\count297
\Gm@cntv=\count298
\c@Gm@tempcnt=\count299
\Gm@bindingoffset=\dimen186
\Gm@wd@mp=\dimen187
\Gm@odd@mp=\dimen188
\Gm@even@mp=\dimen189
\Gm@layoutwidth=\dimen190
\Gm@layoutheight=\dimen191
\Gm@layouthoffset=\dimen192
\Gm@layoutvoffset=\dimen193
\Gm@dimlist=\toks24
) (/usr/local/texlive/2022/texmf-dist/tex/latex/tools/longtable.sty
Package: longtable 2021-09-01 v4.17 Multi-page Table package (DPC)
\LTleft=\skip63
\LTright=\skip64
\LTpre=\skip65
\LTpost=\skip66
\LTchunksize=\count300
\LTcapwidth=\dimen194
\LT@head=\box80
\LT@firsthead=\box81
\LT@foot=\box82
\LT@lastfoot=\box83
\LT@gbox=\box84
\LT@cols=\count301
\LT@rows=\count302
\c@LT@tables=\count303
\c@LT@chunks=\count304
\LT@p@ftn=\toks25
) (/usr/local/texlive/2022/texmf-dist/tex/latex/booktabs/booktabs.sty
Package: booktabs 2020/01/12 v1.61803398 Publication quality tables
\heavyrulewidth=\dimen195
\lightrulewidth=\dimen196
\cmidrulewidth=\dimen197
\belowrulesep=\dimen198
\belowbottomsep=\dimen199
\aboverulesep=\dimen256
\abovetopsep=\dimen257
\cmidrulesep=\dimen258
\cmidrulekern=\dimen259
\defaultaddspace=\dimen260
\@cmidla=\count305
\@cmidlb=\count306
\@aboverulesep=\dimen261
\@belowrulesep=\dimen262
\@thisruleclass=\count307
\@lastruleclass=\count308
\@thisrulewidth=\dimen263
) (/usr/local/texlive/2022/texmf-dist/tex/latex/mdwtools/footnote.sty
Package: footnote 1997/01/28 1.13 Save footnotes around boxes
\fn@notes=\box85
\fn@width=\dimen264
) (/usr/local/texlive/2022/texmf-dist/tex/latex/parskip/parskip.sty
Package: parskip 2021-03-14 v2.0h non-zero parskip adjustments
) (/usr/local/texlive/2022/texmf-dist/tex/latex/paralist/paralist.sty
Package: paralist 2017/01/22 v2.7 Extended list environments
\pltopsep=\skip67
\plpartopsep=\skip68
\plitemsep=\skip69
\plparsep=\skip70
\pl@lab=\toks26
) (/usr/local/texlive/2022/texmf-dist/tex/latex/ragged2e/ragged2e.sty
Package: ragged2e 2021/12/15 v3.1 ragged2e Package
\CenteringLeftskip=\skip71
\RaggedLeftLeftskip=\skip72
\RaggedRightLeftskip=\skip73
\CenteringRightskip=\skip74
\RaggedLeftRightskip=\skip75
\RaggedRightRightskip=\skip76
\CenteringParfillskip=\skip77
\RaggedLeftParfillskip=\skip78
\RaggedRightParfillskip=\skip79
\JustifyingParfillskip=\skip80
\CenteringParindent=\skip81
\RaggedLeftParindent=\skip82
\RaggedRightParindent=\skip83
\JustifyingParindent=\skip84
) (/usr/local/texlive/2022/texmf-dist/tex/latex/datetime/datetime.sty
Package: datetime 2015/03/20 v2.60 Date Time Package
(/usr/local/texlive/2022/texmf-dist/tex/latex/fmtcount/fmtcount.sty
Package: fmtcount 2020/01/30 v3.07
(/usr/local/texlive/2022/texmf-dist/tex/latex/base/ifthen.sty
Package: ifthen 2020/11/24 v1.1c Standard LaTeX ifthen package (DPC)
) (/usr/local/texlive/2022/texmf-dist/tex/latex/fmtcount/fcprefix.sty
Package: fcprefix 2012/09/28
(/usr/local/texlive/2022/texmf-dist/tex/latex/fmtcount/fcnumparser.sty
Package: fcnumparser 2017/06/15
\fc@digit@counter=\count309
)) (/usr/local/texlive/2022/texmf-dist/tex/latex/amsmath/amsgen.sty
File: amsgen.sty 1999/11/30 v2.0 generic functions
\@emptytoks=\toks27
\ex@=\dimen265
)
\c@padzeroesN=\count310
\fc@tmpcatcode=\count311
\@DT@modctr=\count312
\@ordinalctr=\count313
\@orgargctr=\count314
\@strctr=\count315
\@tmpstrctr=\count316
\@DT@loopN=\count317
\@DT@X=\count318
) (/usr/local/texlive/2022/texmf-dist/tex/latex/datetime/datetime-defaults.sty
Package: datetime-defaults 2013/09/10
)
\@day=\count319
\@month=\count320
\@year=\count321
\c@HOUR=\count322
\c@HOURXII=\count323
\c@MINUTE=\count324
\c@TOHOUR=\count325
\c@TOMINUTE=\count326
\c@SECOND=\count327
\currenthour=\count328
\currentminute=\count329
\currentsecond=\count330
Package datetime Info: No datetime.cfg file found, using default settings on in
put line 308.
\@dtctr=\count331
\dayofyear=\count332
\dayofweek=\count333
LaTeX Info: Redefining \today on input line 736.
\dt@a=\toks28
\dt@b=\toks29
) (/usr/local/texlive/2022/texmf-dist/tex/latex/enumitem/enumitem.sty
Package: enumitem 2019/06/20 v3.9 Customized lists
\labelindent=\skip85
\enit@outerparindent=\dimen266
\enit@toks=\toks30
\enit@inbox=\box86
\enit@count@id=\count334
\enitdp@description=\count335
) (/usr/local/texlive/2022/texmf-dist/tex/latex/psnfss/pifont.sty
Package: pifont 2020/03/25 PSNFSS-v9.3 Pi font support (SPQR) 
LaTeX Font Info:    Trying to load font information for U+pzd on input line 63.

(/usr/local/texlive/2022/texmf-dist/tex/latex/psnfss/upzd.fd
File: upzd.fd 2001/06/04 font definitions for U/pzd.
)
LaTeX Font Info:    Trying to load font information for U+psy on input line 64.

(/usr/local/texlive/2022/texmf-dist/tex/latex/psnfss/upsy.fd
File: upsy.fd 2001/06/04 font definitions for U/psy.
)) (/usr/local/texlive/2022/texmf-dist/tex/latex/titlesec/titlesec.sty
Package: titlesec 2021/07/05 v2.14 Sectioning titles
\ttl@box=\box87
\beforetitleunit=\skip86
\aftertitleunit=\skip87
\ttl@plus=\dimen267
\ttl@minus=\dimen268
\ttl@toksa=\toks31
\titlewidth=\dimen269
\titlewidthlast=\dimen270
\titlewidthfirst=\dimen271
) (/usr/local/texlive/2022/texmf-dist/tex/latex/fontawesome/fontawesome.sty
Package: fontawesome 2016/05/15 v4.6.3.1 font awesome icons

(/usr/local/texlive/2022/texmf-dist/tex/latex/fontawesome/fontawesomesymbols-ge
neric.tex)
(/usr/local/texlive/2022/texmf-dist/tex/latex/fontawesome/fontawesomesymbols-pd
ftex.tex)) (/usr/local/texlive/2022/texmf-dist/tex/latex/tools/tabularx.sty
Package: tabularx 2020/01/15 v2.11c `tabularx' package (DPC)
\TX@col@width=\dimen272
\TX@old@table=\dimen273
\TX@old@col=\dimen274
\TX@target=\dimen275
\TX@delta=\dimen276
\TX@cols=\count336
\TX@ftn=\toks32
)
\cslhangindent=\skip88
\csllabelwidth=\skip89
(/usr/local/texlive/2022/texmf-dist/tex/latex/tools/calc.sty
Package: calc 2017/05/25 v4.3 Infix arithmetic (KKT,FJ)
\calc@Acount=\count337
\calc@Bcount=\count338
\calc@Adimen=\dimen277
\calc@Bdimen=\dimen278
\calc@Askip=\skip90
\calc@Bskip=\skip91
LaTeX Info: Redefining \setlength on input line 80.
LaTeX Info: Redefining \addtolength on input line 81.
\calc@Ccount=\count339
\calc@Cskip=\skip92
)

LaTeX Warning: Unused global option(s):
    [9pt].

(./nnguyen_resume_datasci.aux)
\openout1 = `nnguyen_resume_datasci.aux'.

LaTeX Font Info:    Checking defaults for OML/cmm/m/it on input line 232.
LaTeX Font Info:    ... okay on input line 232.
LaTeX Font Info:    Checking defaults for OMS/cmsy/m/n on input line 232.
LaTeX Font Info:    ... okay on input line 232.
LaTeX Font Info:    Checking defaults for OT1/cmr/m/n on input line 232.
LaTeX Font Info:    ... okay on input line 232.
LaTeX Font Info:    Checking defaults for T1/cmr/m/n on input line 232.
LaTeX Font Info:    ... okay on input line 232.
LaTeX Font Info:    Checking defaults for TS1/cmr/m/n on input line 232.
LaTeX Font Info:    ... okay on input line 232.
LaTeX Font Info:    Checking defaults for OMX/cmex/m/n on input line 232.
LaTeX Font Info:    ... okay on input line 232.
LaTeX Font Info:    Checking defaults for U/cmr/m/n on input line 232.
LaTeX Font Info:    ... okay on input line 232.
LaTeX Font Info:    Checking defaults for PD1/pdf/m/n on input line 232.
LaTeX Font Info:    ... okay on input line 232.
LaTeX Font Info:    Checking defaults for PU/pdf/m/n on input line 232.
LaTeX Font Info:    ... okay on input line 232.
\c@mv@tabular=\count340
\c@mv@boldtabular=\count341
(/usr/local/texlive/2022/texmf-dist/tex/context/base/mkii/supp-pdf.mkii
[Loading MPS to PDF converter (version 2006.09.02).]
\scratchcounter=\count342
\scratchdimen=\dimen279
\scratchbox=\box88
\nofMPsegments=\count343
\nofMParguments=\count344
\everyMPshowfont=\toks33
\MPscratchCnt=\count345
\MPscratchDim=\dimen280
\MPnumerator=\count346
\makeMPintoPDFobject=\count347
\everyMPtoPDFconversion=\toks34
) (/usr/local/texlive/2022/texmf-dist/tex/latex/ninecolors/ninecolors.sty
Package: ninecolors 2022-02-13 vv2022D Select colors with proper color contrast

(/usr/local/texlive/2022/texmf-dist/tex/latex/l3packages/xparse/xparse.sty
Package: xparse 2022-01-12 L3 Experimental document command parser
))
LaTeX Info: Redefining \microtypecontext on input line 232.
Package microtype Info: Applying patch `item' on input line 232.
Package microtype Info: Applying patch `toc' on input line 232.
Package microtype Info: Applying patch `eqnum' on input line 232.
Package microtype Info: Applying patch `footnote' on input line 232.
Package microtype Info: Generating PDF output.
Package microtype Info: Character protrusion enabled (level 2).
Package microtype Info: Using protrusion set `basicmath'.
Package microtype Info: Automatic font expansion enabled (level 2),
(microtype)             stretch: 20, shrink: 20, step: 1, non-selected.
Package microtype Info: Using default expansion set `alltext-nott'.
LaTeX Info: Redefining \showhyphens on input line 232.
Package microtype Info: No adjustment of tracking.
Package microtype Info: No adjustment of interword spacing.
Package microtype Info: No adjustment of character kerning.
Package microtype Info: Loading generic protrusion settings for font family
(microtype)             `Carlito-TLF' (encoding: T1).
(microtype)             For optimal results, create family-specific settings.
(microtype)             See the microtype manual for details.
Package hyperref Info: Link coloring OFF on input line 232.
(/usr/local/texlive/2022/texmf-dist/tex/latex/hyperref/nameref.sty
Package: nameref 2021-04-02 v2.47 Cross-referencing by name of section
(/usr/local/texlive/2022/texmf-dist/tex/latex/refcount/refcount.sty
Package: refcount 2019/12/15 v3.6 Data extraction from label references (HO)
)
(/usr/local/texlive/2022/texmf-dist/tex/generic/gettitlestring/gettitlestring.s
ty
Package: gettitlestring 2019/12/15 v1.6 Cleanup title references (HO)
)
\c@section@level=\count348
)
LaTeX Info: Redefining \ref on input line 232.
LaTeX Info: Redefining \pageref on input line 232.
LaTeX Info: Redefining \nameref on input line 232.
(./nnguyen_resume_datasci.out) (./nnguyen_resume_datasci.out)
\@outlinefile=\write3
\openout3 = `nnguyen_resume_datasci.out'.

*geometry* driver: auto-detecting
*geometry* detected driver: pdftex
*geometry* verbose mode - [ preamble ] result:
* driver: pdftex
* paper: letterpaper
* layout: <same size as paper>
* layoutoffset:(h,v)=(0.0pt,0.0pt)
* modes: 
* h-part:(L,W,R)=(49.79231pt, 514.71037pt, 49.79231pt)
* v-part:(T,H,B)=(62.59596pt, 682.58171pt, 49.79231pt)
* \paperwidth=614.295pt
* \paperheight=794.96999pt
* \textwidth=514.71037pt
* \textheight=682.58171pt
* \oddsidemargin=-22.47768pt
* \evensidemargin=-22.47768pt
* \topmargin=-46.67403pt
* \headheight=15.0pt
* \headsep=25.0pt
* \topskip=10.0pt
* \footskip=30.0pt
* \marginparwidth=65.0pt
* \marginparsep=11.0pt
* \columnsep=10.0pt
* \skip\footins=9.0pt plus 4.0pt minus 2.0pt
* \hoffset=0.0pt
* \voffset=0.0pt
* \mag=1000
* \@twocolumnfalse
* \@twosidefalse
* \@mparswitchfalse
* \@reversemarginfalse
* (1in=72.27pt=25.4mm, 1cm=28.453pt)

(/usr/local/texlive/2022/texmf-dist/tex/latex/fmtcount/fc-english.def
File: fc-english.def 2016/01/12
)
LaTeX Font Info:    Font shape `T1/Carlito-TLF/m/n' will be
(Font)              scaled to size 20.74pt on input line 233.
LaTeX Font Info:    Font shape `T1/Carlito-TLF/b/n' will be
(Font)              scaled to size 20.74pt on input line 233.
LaTeX Font Info:    Trying to load font information for U+fontawesometwo on inp
ut line 233.
(/usr/local/texlive/2022/texmf-dist/tex/latex/fontawesome/ufontawesometwo.fd
File: ufontawesometwo.fd 2016/05/22 Font definitions for U/fontawesometwo.
) (/usr/local/texlive/2022/texmf-dist/tex/latex/microtype/mt-cmr.cfg
File: mt-cmr.cfg 2013/05/19 v2.2 microtype config. file: Computer Modern Roman 
(RS)
)
LaTeX Font Info:    External font `cmex10' loaded for size
(Font)              <7> on input line 233.
LaTeX Font Info:    External font `cmex10' loaded for size
(Font)              <5> on input line 233.
LaTeX Font Info:    Font shape `T1/Carlito-TLF/m/it' will be
(Font)              scaled to size 10.0pt on input line 241.
LaTeX Font Info:    Font shape `T1/Carlito-TLF/m/n' will be
(Font)              scaled to size 12.0pt on input line 255.
LaTeX Font Info:    Font shape `T1/Carlito-TLF/b/n' will be
(Font)              scaled to size 12.0pt on input line 255.
> Step: init table outer spec.
> Step: parse table options.
> Step: split table.
> Step: init table inner spec.
> Step: parse table inner spec.
> Step: execute table commands.
> Step: calculate cell and line sizes.
> Step: build the whole table.
LaTeX Font Info:    Font shape `T1/Carlito-TLF/b/n' will be
(Font)              scaled to size 10.0pt on input line 268.

Package hyperref Warning: The anchor of a bookmark and its parent's must not
(hyperref)                be the same. Added a new anchor on input line 268.

> Step: init table outer spec.
> Step: parse table options.
> Step: split table.
> Step: init table inner spec.
> Step: parse table inner spec.
> Step: execute table commands.
> Step: calculate cell and line sizes.
> Step: build the whole table.
> Step: init table outer spec.
> Step: parse table options.
> Step: split table.
> Step: init table inner spec.
> Step: parse table inner spec.
> Step: execute table commands.
> Step: calculate cell and line sizes.
> Step: build the whole table.
LaTeX Font Info:    Trying to load font information for TS1+Carlito-TLF on inpu
t line 307.
(/usr/local/texlive/2022/texmf-dist/tex/latex/carlito/TS1Carlito-TLF.fd
File: TS1Carlito-TLF.fd 2014/08/20 (autoinst) Font definitions for TS1/Carlito-
TLF.
)
LaTeX Font Info:    Font shape `TS1/Carlito-TLF/m/n' will be
(Font)              scaled to size 10.0pt on input line 307.
[1

{/usr/local/texlive/2022/texmf-var/fonts/map/pdftex/updmap/pdftex.map}]
LaTeX Font Info:    Font shape `T1/Carlito-TLF/m/n' will be
(Font)              scaled to size 8.0pt on input line 387.

Underfull \hbox (badness 10000) in paragraph at lines 387--387
[]\T1/Carlito-TLF/m/n/10 (+20) Clearly com-mu-ni-cated statis-tics and eco-nomi
c the-ory, with the ex-press pur-pose of
 []


Overfull \hbox (18.82164pt too wide) in alignment at lines 376--398
[] []
 []

[2] (./nnguyen_resume_datasci.aux)
Package rerunfilecheck Info: File `nnguyen_resume_datasci.out' has not changed.

(rerunfilecheck)             Checksum: DC9F512B05B3588370BC630A165B9B20;1546.
 ) 
Here is how much of TeX's memory you used:
 18055 strings out of 478268
 315250 string characters out of 5846348
 716502 words of memory out of 5000000
 35887 multiletter control sequences out of 15000+600000
 544075 words of font info for 110 fonts, out of 8000000 for 9000
 1141 hyphenation exceptions out of 8191
 70i,11n,82p,1211b,617s stack positions out of 10000i,1000n,20000p,200000b,200000s
{/usr/local/texlive/2022/texmf-dist/fonts/enc/dvips/carlito/crlt_ntvnfo.enc}{
/usr/local/texlive/2022/texmf-dist/fonts/enc/dvips/carlito/crlt_z7vml3.enc}{/us
r/local/texlive/2022/texmf-dist/fonts/enc/dvips/fontawesome/fontawesometwo.enc}
</usr/local/texlive/2022/texmf-dist/fonts/type1/typoland/carlito/Carlito-Bold.p
fb></usr/local/texlive/2022/texmf-dist/fonts/type1/typoland/carlito/Carlito-Ita
lic.pfb></usr/local/texlive/2022/texmf-dist/fonts/type1/typoland/carlito/Carlit
o.pfb></usr/local/texlive/2022/texmf-dist/fonts/type1/public/fontawesome/FontAw
esome.pfb></usr/local/texlive/2022/texmf-dist/fonts/type1/public/amsfonts/cm/cm
sy10.pfb>
Output written on nnguyen_resume_datasci.pdf (2 pages, 101203 bytes).
PDF statistics:
 113 PDF objects out of 1000 (max. 8388607)
 97 compressed objects within 1 object stream
 22 named destinations out of 1000 (max. 500000)
 39009 words of extra memory for PDF output out of 42996 (max. 10000000)

